<?xml version="1.0" encoding="UTF-8"?>
<testng-results ignored="0" total="4" passed="3" failed="1" skipped="0">
  <reporter-output>
  </reporter-output>
  <suite started-at="2023-05-02T18:32:25 IST" name="Regression Suite" finished-at="2023-05-02T18:35:30 IST" duration-ms="184326">
    <groups>
      <group name="Regression">
        <method signature="ProductTest.verifyCheckoutFunctionality(java.lang.String,java.lang.String,java.lang.String,java.lang.String,java.lang.String,java.lang.String,java.lang.String,java.lang.String,java.lang.String,java.lang.String,java.lang.String)[pri:1, instance:com.nagp.tests.ProductTest@1e4f4a5c]" name="verifyCheckoutFunctionality" class="com.nagp.tests.ProductTest"/>
        <method signature="ProductTest.addToCartUsingNavigationMenu(java.lang.String,java.lang.String,java.lang.String,java.lang.String,java.lang.String)[pri:2, instance:com.nagp.tests.ProductTest@1e4f4a5c]" name="addToCartUsingNavigationMenu" class="com.nagp.tests.ProductTest"/>
        <method signature="ProductTest.addToCartUsingSearchFunctionality(java.lang.String,java.lang.String,java.lang.String)[pri:3, instance:com.nagp.tests.ProductTest@1e4f4a5c]" name="addToCartUsingSearchFunctionality" class="com.nagp.tests.ProductTest"/>
        <method signature="ProductTest.removeProductFromCart(java.lang.String,java.lang.String,java.lang.String)[pri:4, instance:com.nagp.tests.ProductTest@1e4f4a5c]" name="removeProductFromCart" class="com.nagp.tests.ProductTest"/>
      </group> <!-- Regression -->
      <group name="Smoke">
        <method signature="ProductTest.addToCartUsingSearchFunctionality(java.lang.String,java.lang.String,java.lang.String)[pri:3, instance:com.nagp.tests.ProductTest@1e4f4a5c]" name="addToCartUsingSearchFunctionality" class="com.nagp.tests.ProductTest"/>
        <method signature="ProductTest.removeProductFromCart(java.lang.String,java.lang.String,java.lang.String)[pri:4, instance:com.nagp.tests.ProductTest@1e4f4a5c]" name="removeProductFromCart" class="com.nagp.tests.ProductTest"/>
      </group> <!-- Smoke -->
    </groups>
    <test started-at="2023-05-02T18:32:25 IST" name="Products" finished-at="2023-05-02T18:35:30 IST" duration-ms="184326">
      <class name="com.nagp.tests.ProductTest">
        <test-method is-config="true" signature="setUp()[pri:0, instance:com.nagp.tests.ProductTest@1e4f4a5c]" started-at="2023-05-02T18:32:25 IST" name="setUp" finished-at="2023-05-02T18:32:28 IST" duration-ms="3083" status="PASS">
          <reporter-output>
          </reporter-output>
        </test-method> <!-- setUp -->
        <test-method signature="verifyCheckoutFunctionality(java.lang.String,java.lang.String,java.lang.String,java.lang.String,java.lang.String,java.lang.String,java.lang.String,java.lang.String,java.lang.String,java.lang.String,java.lang.String)[pri:1, instance:com.nagp.tests.ProductTest@1e4f4a5c]" started-at="2023-05-02T18:32:28 IST" name="verifyCheckoutFunctionality" description="Checkout Functionality" data-provider="checkoutAttributes" finished-at="2023-05-02T18:33:22 IST" duration-ms="53620" status="PASS">
          <params>
            <param index="0">
              <value>
                <![CDATA[Push It Messenger Bag]]>
              </value>
            </param>
            <param index="1">
              <value>
                <![CDATA[]]>
              </value>
            </param>
            <param index="2">
              <value>
                <![CDATA[]]>
              </value>
            </param>
            <param index="3">
              <value>
                <![CDATA[Private]]>
              </value>
            </param>
            <param index="4">
              <value>
                <![CDATA[278 Street]]>
              </value>
            </param>
            <param index="5">
              <value>
                <![CDATA[Albany]]>
              </value>
            </param>
            <param index="6">
              <value>
                <![CDATA[Alaska]]>
              </value>
            </param>
            <param index="7">
              <value>
                <![CDATA[12203]]>
              </value>
            </param>
            <param index="8">
              <value>
                <![CDATA[United States]]>
              </value>
            </param>
            <param index="9">
              <value>
                <![CDATA[+447896785765]]>
              </value>
            </param>
            <param index="10">
              <value>
                <![CDATA[Best Way]]>
              </value>
            </param>
          </params>
          <reporter-output>
          </reporter-output>
        </test-method> <!-- verifyCheckoutFunctionality -->
        <test-method is-config="true" signature="signOut()[pri:0, instance:com.nagp.tests.ProductTest@1e4f4a5c]" started-at="2023-05-02T18:33:22 IST" name="signOut" finished-at="2023-05-02T18:33:31 IST" duration-ms="9145" status="PASS">
          <reporter-output>
          </reporter-output>
        </test-method> <!-- signOut -->
        <test-method signature="addToCartUsingNavigationMenu(java.lang.String,java.lang.String,java.lang.String,java.lang.String,java.lang.String)[pri:2, instance:com.nagp.tests.ProductTest@1e4f4a5c]" started-at="2023-05-02T18:33:31 IST" name="addToCartUsingNavigationMenu" description="Add to cart functionality using Navigation flow" data-provider="productDetailsForNavigation" finished-at="2023-05-02T18:34:22 IST" duration-ms="50542" status="PASS">
          <params>
            <param index="0">
              <value>
                <![CDATA[Men]]>
              </value>
            </param>
            <param index="1">
              <value>
                <![CDATA[Jackets]]>
              </value>
            </param>
            <param index="2">
              <value>
                <![CDATA[Lando Gym Jacket]]>
              </value>
            </param>
            <param index="3">
              <value>
                <![CDATA[M]]>
              </value>
            </param>
            <param index="4">
              <value>
                <![CDATA[Green]]>
              </value>
            </param>
          </params>
          <reporter-output>
          </reporter-output>
        </test-method> <!-- addToCartUsingNavigationMenu -->
        <test-method is-config="true" signature="signOut()[pri:0, instance:com.nagp.tests.ProductTest@1e4f4a5c]" started-at="2023-05-02T18:34:22 IST" name="signOut" finished-at="2023-05-02T18:34:31 IST" duration-ms="9018" status="PASS">
          <reporter-output>
          </reporter-output>
        </test-method> <!-- signOut -->
        <test-method signature="addToCartUsingSearchFunctionality(java.lang.String,java.lang.String,java.lang.String)[pri:3, instance:com.nagp.tests.ProductTest@1e4f4a5c]" started-at="2023-05-02T18:34:31 IST" name="addToCartUsingSearchFunctionality" description="Add to cart functionality using Search functionality" data-provider="productDetailsForSearch" finished-at="2023-05-02T18:34:39 IST" duration-ms="7996" status="FAIL">
          <params>
            <param index="0">
              <value>
                <![CDATA[Push It Messenger Bag]]>
              </value>
            </param>
            <param index="1">
              <value>
                <![CDATA[]]>
              </value>
            </param>
            <param index="2">
              <value>
                <![CDATA[]]>
              </value>
            </param>
          </params>
          <exception class="org.openqa.selenium.ElementClickInterceptedException">
            <message>
              <![CDATA[element click intercepted: Element <button type="submit" title="Add to Cart" class="action primary tocart" id="product-addtocart-button" disabled="">...</button> is not clickable at point (957, 512). Other element would receive the click: <div class="actions">...</div>
  (Session info: chrome=112.0.5615.138)
Build info: version: '4.8.3', revision: 'e5e76298c3'
System info: os.name: 'Windows 11', os.arch: 'amd64', os.version: '10.0', java.version: '20'
Driver info: org.openqa.selenium.chrome.ChromeDriver
Command: [7d0d4dcab62563844ac18c02ddfa081f, clickElement {id=5c80fc6e-cb61-4967-9a8b-3b89bd2caa00}]
Capabilities {acceptInsecureCerts: false, browserName: chrome, browserVersion: 112.0.5615.138, chrome: {chromedriverVersion: 112.0.5615.49 (bd2a7bcb881c..., userDataDir: C:\Users\ABHISH~1\AppData\L...}, goog:chromeOptions: {debuggerAddress: localhost:59379}, networkConnectionEnabled: false, pageLoadStrategy: normal, platformName: WINDOWS, proxy: Proxy(), se:cdp: ws://localhost:59379/devtoo..., se:cdpVersion: 112.0.5615.138, setWindowRect: true, strictFileInteractability: false, timeouts: {implicit: 0, pageLoad: 300000, script: 30000}, unhandledPromptBehavior: dismiss and notify, webauthn:extension:credBlob: true, webauthn:extension:largeBlob: true, webauthn:extension:minPinLength: true, webauthn:extension:prf: true, webauthn:virtualAuthenticators: true}
Element: [[ChromeDriver: chrome on WINDOWS (7d0d4dcab62563844ac18c02ddfa081f)] -> xpath: //button[@title='Add to Cart']]
Session ID: 7d0d4dcab62563844ac18c02ddfa081f]]>
            </message>
            <full-stacktrace>
              <![CDATA[org.openqa.selenium.ElementClickInterceptedException: element click intercepted: Element <button type="submit" title="Add to Cart" class="action primary tocart" id="product-addtocart-button" disabled="">...</button> is not clickable at point (957, 512). Other element would receive the click: <div class="actions">...</div>
  (Session info: chrome=112.0.5615.138)
Build info: version: '4.8.3', revision: 'e5e76298c3'
System info: os.name: 'Windows 11', os.arch: 'amd64', os.version: '10.0', java.version: '20'
Driver info: org.openqa.selenium.chrome.ChromeDriver
Command: [7d0d4dcab62563844ac18c02ddfa081f, clickElement {id=5c80fc6e-cb61-4967-9a8b-3b89bd2caa00}]
Capabilities {acceptInsecureCerts: false, browserName: chrome, browserVersion: 112.0.5615.138, chrome: {chromedriverVersion: 112.0.5615.49 (bd2a7bcb881c..., userDataDir: C:\Users\ABHISH~1\AppData\L...}, goog:chromeOptions: {debuggerAddress: localhost:59379}, networkConnectionEnabled: false, pageLoadStrategy: normal, platformName: WINDOWS, proxy: Proxy(), se:cdp: ws://localhost:59379/devtoo..., se:cdpVersion: 112.0.5615.138, setWindowRect: true, strictFileInteractability: false, timeouts: {implicit: 0, pageLoad: 300000, script: 30000}, unhandledPromptBehavior: dismiss and notify, webauthn:extension:credBlob: true, webauthn:extension:largeBlob: true, webauthn:extension:minPinLength: true, webauthn:extension:prf: true, webauthn:virtualAuthenticators: true}
Element: [[ChromeDriver: chrome on WINDOWS (7d0d4dcab62563844ac18c02ddfa081f)] -> xpath: //button[@title='Add to Cart']]
Session ID: 7d0d4dcab62563844ac18c02ddfa081f
at java.base/jdk.internal.reflect.DirectConstructorHandleAccessor.newInstance(DirectConstructorHandleAccessor.java:67)
at java.base/java.lang.reflect.Constructor.newInstanceWithCaller(Constructor.java:500)
at java.base/java.lang.reflect.Constructor.newInstance(Constructor.java:484)
at org.openqa.selenium.remote.codec.w3c.W3CHttpResponseCodec.createException(W3CHttpResponseCodec.java:200)
at org.openqa.selenium.remote.codec.w3c.W3CHttpResponseCodec.decode(W3CHttpResponseCodec.java:133)
at org.openqa.selenium.remote.codec.w3c.W3CHttpResponseCodec.decode(W3CHttpResponseCodec.java:53)
at org.openqa.selenium.remote.HttpCommandExecutor.execute(HttpCommandExecutor.java:193)
at org.openqa.selenium.remote.service.DriverCommandExecutor.invokeExecute(DriverCommandExecutor.java:183)
at org.openqa.selenium.remote.service.DriverCommandExecutor.execute(DriverCommandExecutor.java:158)
at org.openqa.selenium.remote.RemoteWebDriver.execute(RemoteWebDriver.java:543)
at org.openqa.selenium.remote.RemoteWebElement.execute(RemoteWebElement.java:257)
at org.openqa.selenium.remote.RemoteWebElement.click(RemoteWebElement.java:78)
at java.base/jdk.internal.reflect.DirectMethodHandleAccessor.invoke(DirectMethodHandleAccessor.java:104)
at java.base/java.lang.reflect.Method.invoke(Method.java:578)
at org.openqa.selenium.support.pagefactory.internal.LocatingElementHandler.invoke(LocatingElementHandler.java:52)
at jdk.proxy2/jdk.proxy2.$Proxy18.click(Unknown Source)
at com.nagp.pages.ProductPage.clickAddToCart(ProductPage.java:65)
at com.nagp.tests.ProductTest.addToCartUsingSearchFunctionality(ProductTest.java:62)
at java.base/jdk.internal.reflect.DirectMethodHandleAccessor.invoke(DirectMethodHandleAccessor.java:104)
at java.base/java.lang.reflect.Method.invoke(Method.java:578)
at org.testng.internal.invokers.MethodInvocationHelper.invokeMethod(MethodInvocationHelper.java:139)
at org.testng.internal.invokers.TestInvoker.invokeMethod(TestInvoker.java:677)
at org.testng.internal.invokers.TestInvoker.invokeTestMethod(TestInvoker.java:221)
at org.testng.internal.invokers.MethodRunner.runInSequence(MethodRunner.java:50)
at org.testng.internal.invokers.TestInvoker$MethodInvocationAgent.invoke(TestInvoker.java:969)
at org.testng.internal.invokers.TestInvoker.invokeTestMethods(TestInvoker.java:194)
at org.testng.internal.invokers.TestMethodWorker.invokeTestMethods(TestMethodWorker.java:148)
at org.testng.internal.invokers.TestMethodWorker.run(TestMethodWorker.java:128)
at java.base/java.util.ArrayList.forEach(ArrayList.java:1511)
at org.testng.TestRunner.privateRun(TestRunner.java:829)
at org.testng.TestRunner.run(TestRunner.java:602)
at org.testng.SuiteRunner.runTest(SuiteRunner.java:437)
at org.testng.SuiteRunner.runSequentially(SuiteRunner.java:431)
at org.testng.SuiteRunner.privateRun(SuiteRunner.java:391)
at org.testng.SuiteRunner.run(SuiteRunner.java:330)
at org.testng.SuiteRunnerWorker.runSuite(SuiteRunnerWorker.java:52)
at org.testng.SuiteRunnerWorker.run(SuiteRunnerWorker.java:95)
at org.testng.TestNG.runSuitesSequentially(TestNG.java:1256)
at org.testng.TestNG.runSuitesLocally(TestNG.java:1176)
at org.testng.TestNG.runSuites(TestNG.java:1099)
at org.testng.TestNG.run(TestNG.java:1067)
at org.apache.maven.surefire.testng.TestNGExecutor.run(TestNGExecutor.java:284)
at org.apache.maven.surefire.testng.TestNGXmlTestSuite.execute(TestNGXmlTestSuite.java:75)
at org.apache.maven.surefire.testng.TestNGProvider.invoke(TestNGProvider.java:119)
at org.apache.maven.surefire.booter.ForkedBooter.runSuitesInProcess(ForkedBooter.java:428)
at org.apache.maven.surefire.booter.ForkedBooter.execute(ForkedBooter.java:162)
at org.apache.maven.surefire.booter.ForkedBooter.run(ForkedBooter.java:562)
at org.apache.maven.surefire.booter.ForkedBooter.main(ForkedBooter.java:548)
]]>
            </full-stacktrace>
          </exception> <!-- org.openqa.selenium.ElementClickInterceptedException -->
          <reporter-output>
          </reporter-output>
        </test-method> <!-- addToCartUsingSearchFunctionality -->
        <test-method is-config="true" signature="signOut()[pri:0, instance:com.nagp.tests.ProductTest@1e4f4a5c]" started-at="2023-05-02T18:34:39 IST" name="signOut" finished-at="2023-05-02T18:34:48 IST" duration-ms="9152" status="PASS">
          <reporter-output>
          </reporter-output>
        </test-method> <!-- signOut -->
        <test-method signature="removeProductFromCart(java.lang.String,java.lang.String,java.lang.String)[pri:4, instance:com.nagp.tests.ProductTest@1e4f4a5c]" started-at="2023-05-02T18:34:48 IST" name="removeProductFromCart" description="Remove product from cart functionality" data-provider="productDetailsForSearch" finished-at="2023-05-02T18:35:20 IST" duration-ms="31966" status="PASS">
          <params>
            <param index="0">
              <value>
                <![CDATA[Push It Messenger Bag]]>
              </value>
            </param>
            <param index="1">
              <value>
                <![CDATA[]]>
              </value>
            </param>
            <param index="2">
              <value>
                <![CDATA[]]>
              </value>
            </param>
          </params>
          <reporter-output>
          </reporter-output>
        </test-method> <!-- removeProductFromCart -->
        <test-method is-config="true" signature="signOut()[pri:0, instance:com.nagp.tests.ProductTest@1e4f4a5c]" started-at="2023-05-02T18:35:20 IST" name="signOut" finished-at="2023-05-02T18:35:29 IST" duration-ms="9013" status="PASS">
          <reporter-output>
          </reporter-output>
        </test-method> <!-- signOut -->
        <test-method is-config="true" signature="tearDownAfterClass()[pri:0, instance:com.nagp.tests.ProductTest@1e4f4a5c]" started-at="2023-05-02T18:35:29 IST" name="tearDownAfterClass" finished-at="2023-05-02T18:35:30 IST" duration-ms="373" status="PASS">
          <reporter-output>
          </reporter-output>
        </test-method> <!-- tearDownAfterClass -->
        <test-method is-config="true" signature="tearDown()[pri:0, instance:com.nagp.tests.ProductTest@1e4f4a5c]" started-at="2023-05-02T18:35:30 IST" name="tearDown" finished-at="2023-05-02T18:35:30 IST" duration-ms="0" status="PASS">
          <reporter-output>
          </reporter-output>
        </test-method> <!-- tearDown -->
      </class> <!-- com.nagp.tests.ProductTest -->
    </test> <!-- Products -->
  </suite> <!-- Regression Suite -->
</testng-results>
