<?xml version="1.0" encoding="UTF-8"?>
<testsuite xmlns:xsi="http://www.w3.org/2001/XMLSchema-instance" xsi:noNamespaceSchemaLocation="https://maven.apache.org/surefire/maven-surefire-plugin/xsd/surefire-test-report-3.0.xsd" version="3.0" name="TestSuite" time="185.59" tests="4" errors="0" skipped="0" failures="1">
  <properties>
[...]
</properties>
  <testcase name="verifyCheckoutFunctionality[Push It Messenger Bag, , , Private, 278 Street, Albany, Alaska, 12203, United States, +447896785765, Best Way](1)" classname="com.nagp.tests.ProductTest" time="53.574">
    <system-out><![CDATA[Test suite Products started
Test method verifyCheckoutFunctionality started
1 [main] INFO com.nagp.tests.BaseTest  - navigated to login page
264 [main] INFO com.nagp.tests.BaseTest  - entered email and password
2200 [main] INFO com.nagp.tests.BaseTest  - Login successful
5134 [main] INFO com.nagp.tests.BaseTest  - Selected Push It Messenger Bag
5503 [main] INFO com.nagp.tests.BaseTest  - Product added to cart
47981 [main] INFO com.nagp.tests.BaseTest  - Order placed successfully
]]></system-out>
    <system-err><![CDATA[[main] INFO org.testng.internal.Utils - [Utils] MethodGroupsHelper.collectMethodsByGroup() took 0 ms.
[main] INFO org.testng.internal.Utils - [Utils] MethodGroupsHelper.sortMethods() took 1 ms.
[main] INFO org.testng.internal.Utils - [Utils] MethodGroupsHelper.collectMethodsByGroup() took 0 ms.
[main] INFO org.testng.internal.Utils - [Utils] MethodGroupsHelper.sortMethods() took 0 ms.
[main] INFO org.testng.internal.Utils - [Utils] MethodGroupsHelper.collectMethodsByGroup() took 0 ms.
[main] INFO org.testng.internal.Utils - [Utils] MethodGroupsHelper.sortMethods() took 0 ms.
[main] INFO org.testng.internal.Utils - [Utils] MethodGroupsHelper.collectMethodsByGroup() took 0 ms.
[main] INFO org.testng.internal.Utils - [Utils] MethodGroupsHelper.sortMethods() took 13 ms.
[main] INFO org.testng.internal.Utils - [Utils] MethodGroupsHelper.collectMethodsByGroup() took 0 ms.
[main] INFO org.testng.internal.Utils - [Utils] MethodGroupsHelper.sortMethods() took 0 ms.
[main] INFO org.testng.internal.Utils - [Utils] MethodGroupsHelper.collectMethodsByGroup() took 0 ms.
[main] INFO org.testng.internal.Utils - [Utils] MethodGroupsHelper.sortMethods() took 0 ms.
[main] INFO org.testng.internal.Utils - [Utils] MethodGroupsHelper.collectMethodsByGroup() took 0 ms.
[main] INFO org.testng.internal.Utils - [Utils] MethodGroupsHelper.sortMethods() took 0 ms.
[main] INFO org.testng.internal.Utils - [Utils] MethodGroupsHelper.collectMethodsByGroup() took 0 ms.
[main] INFO org.testng.internal.Utils - [Utils] MethodGroupsHelper.sortMethods() took 0 ms.
[main] INFO org.testng.internal.Utils - [Utils] MethodGroupsHelper.collectMethodsByGroup() took 0 ms.
[main] INFO org.testng.internal.Utils - [Utils] MethodGroupsHelper.sortMethods() took 0 ms.
[main] INFO org.testng.internal.Utils - [Utils] MethodGroupsHelper.collectMethodsByGroup() took 0 ms.
[main] INFO org.testng.internal.Utils - [Utils] MethodGroupsHelper.sortMethods() took 0 ms.
[main] INFO org.testng.internal.Utils - [Utils] MethodGroupsHelper.collectMethodsByGroup() took 0 ms.
[main] INFO org.testng.internal.Utils - [Utils] MethodGroupsHelper.sortMethods() took 0 ms.
[main] INFO org.testng.internal.Utils - [Utils] MethodGroupsHelper.collectMethodsByGroup() took 0 ms.
[main] INFO org.testng.internal.Utils - [Utils] MethodGroupsHelper.sortMethods() took 0 ms.
[main] INFO org.testng.internal.Utils - [Utils] MethodGroupsHelper.collectMethodsByGroup() took 2 ms.
[main] INFO org.testng.internal.Utils - [Utils] MethodGroupsHelper.sortMethods() took 1 ms.
[main] INFO org.testng.internal.Utils - [Utils] MethodGroupsHelper.collectMethodsByGroup() took 0 ms.
[main] INFO org.testng.internal.Utils - [Utils] MethodGroupsHelper.sortMethods() took 0 ms.
[main] INFO org.testng.internal.Utils - [Utils] MethodGroupsHelper.collectMethodsByGroup() took 0 ms.
[main] INFO org.testng.internal.Utils - [Utils] MethodGroupsHelper.sortMethods() took 0 ms.
[main] INFO org.testng.internal.Utils - [Utils] DynamicGraphHelper.createDynamicGraph() took 3 ms.
Starting ChromeDriver 112.0.5615.49 (bd2a7bcb881c11e8cfe3078709382934e3916914-refs/branch-heads/5615@{#936}) on port 33201
Only local connections are allowed.
Please see https://chromedriver.chromium.org/security-considerations for suggestions on keeping ChromeDriver safe.
ChromeDriver was started successfully.
May 02, 2023 6:32:27 PM org.openqa.selenium.devtools.CdpVersionFinder findNearestMatch
WARNING: Unable to find an exact match for CDP version 112, so returning the closest version found: 111
log4j:ERROR Could not find value for key log4j.appender.console
log4j:ERROR Could not instantiate appender named "console".
log4j:ERROR Could not find value for key log4j.appender.ERROR
log4j:ERROR Could not instantiate appender named "ERROR".
]]></system-err>
  </testcase>
  <testcase name="addToCartUsingNavigationMenu[Men, Jackets, Lando Gym Jacket, M, Green](1)" classname="com.nagp.tests.ProductTest" time="50.543">
    <system-out><![CDATA[57131 [main] INFO com.nagp.tests.BaseTest  - Successfully logged out
Test method addToCartUsingNavigationMenu started
59631 [main] INFO com.nagp.tests.BaseTest  - navigated to login page
59947 [main] INFO com.nagp.tests.BaseTest  - entered email and password
62413 [main] INFO com.nagp.tests.BaseTest  - Login successful
84626 [main] INFO com.nagp.tests.BaseTest  - Cart is empty. Please add products
86468 [main] INFO com.nagp.tests.BaseTest  - Navigated to Men successfully
88166 [main] INFO com.nagp.tests.BaseTest  - Selected Jackets
89830 [main] INFO com.nagp.tests.BaseTest  - Selected Lando Gym Jacket
95488 [main] INFO com.nagp.tests.BaseTest  - Product added to cart
]]></system-out>
  </testcase>
  <testcase name="addToCartUsingSearchFunctionality[Push It Messenger Bag, , ](1)" classname="com.nagp.tests.ProductTest" time="7.999">
    <failure message="element click intercepted: Element &lt;button type=&quot;submit&quot; title=&quot;Add to Cart&quot; class=&quot;action primary tocart&quot; id=&quot;product-addtocart-button&quot; disabled=&quot;&quot;&gt;...&lt;/button&gt; is not clickable at point (957, 512). Other element would receive the click: &lt;div class=&quot;actions&quot;&gt;...&lt;/div&gt;&#10;  (Session info: chrome=112.0.5615.138)&#10;Build info: version: &apos;4.8.3&apos;, revision: &apos;e5e76298c3&apos;&#10;System info: os.name: &apos;Windows 11&apos;, os.arch: &apos;amd64&apos;, os.version: &apos;10.0&apos;, java.version: &apos;20&apos;&#10;Driver info: org.openqa.selenium.chrome.ChromeDriver&#10;Command: [7d0d4dcab62563844ac18c02ddfa081f, clickElement {id=5c80fc6e-cb61-4967-9a8b-3b89bd2caa00}]&#10;Capabilities {acceptInsecureCerts: false, browserName: chrome, browserVersion: 112.0.5615.138, chrome: {chromedriverVersion: 112.0.5615.49 (bd2a7bcb881c..., userDataDir: C:\Users\ABHISH~1\AppData\L...}, goog:chromeOptions: {debuggerAddress: localhost:59379}, networkConnectionEnabled: false, pageLoadStrategy: normal, platformName: WINDOWS, proxy: Proxy(), se:cdp: ws://localhost:59379/devtoo..., se:cdpVersion: 112.0.5615.138, setWindowRect: true, strictFileInteractability: false, timeouts: {implicit: 0, pageLoad: 300000, script: 30000}, unhandledPromptBehavior: dismiss and notify, webauthn:extension:credBlob: true, webauthn:extension:largeBlob: true, webauthn:extension:minPinLength: true, webauthn:extension:prf: true, webauthn:virtualAuthenticators: true}&#10;Element: [[ChromeDriver: chrome on WINDOWS (7d0d4dcab62563844ac18c02ddfa081f)] -&gt; xpath: //button[@title=&apos;Add to Cart&apos;]]&#10;Session ID: 7d0d4dcab62563844ac18c02ddfa081f" type="org.openqa.selenium.ElementClickInterceptedException"><![CDATA[org.openqa.selenium.ElementClickInterceptedException: 
element click intercepted: Element <button type="submit" title="Add to Cart" class="action primary tocart" id="product-addtocart-button" disabled="">...</button> is not clickable at point (957, 512). Other element would receive the click: <div class="actions">...</div>
  (Session info: chrome=112.0.5615.138)
Build info: version: '4.8.3', revision: 'e5e76298c3'
System info: os.name: 'Windows 11', os.arch: 'amd64', os.version: '10.0', java.version: '20'
Driver info: org.openqa.selenium.chrome.ChromeDriver
Command: [7d0d4dcab62563844ac18c02ddfa081f, clickElement {id=5c80fc6e-cb61-4967-9a8b-3b89bd2caa00}]
Capabilities {acceptInsecureCerts: false, browserName: chrome, browserVersion: 112.0.5615.138, chrome: {chromedriverVersion: 112.0.5615.49 (bd2a7bcb881c..., userDataDir: C:\Users\ABHISH~1\AppData\L...}, goog:chromeOptions: {debuggerAddress: localhost:59379}, networkConnectionEnabled: false, pageLoadStrategy: normal, platformName: WINDOWS, proxy: Proxy(), se:cdp: ws://localhost:59379/devtoo..., se:cdpVersion: 112.0.5615.138, setWindowRect: true, strictFileInteractability: false, timeouts: {implicit: 0, pageLoad: 300000, script: 30000}, unhandledPromptBehavior: dismiss and notify, webauthn:extension:credBlob: true, webauthn:extension:largeBlob: true, webauthn:extension:minPinLength: true, webauthn:extension:prf: true, webauthn:virtualAuthenticators: true}
Element: [[ChromeDriver: chrome on WINDOWS (7d0d4dcab62563844ac18c02ddfa081f)] -> xpath: //button[@title='Add to Cart']]
Session ID: 7d0d4dcab62563844ac18c02ddfa081f
	at com.nagp.tests.ProductTest.addToCartUsingSearchFunctionality(ProductTest.java:62)
]]></failure>
    <system-out><![CDATA[116695 [main] INFO com.nagp.tests.BaseTest  - Successfully logged out
Test method addToCartUsingSearchFunctionality started
118865 [main] INFO com.nagp.tests.BaseTest  - navigated to login page
119022 [main] INFO com.nagp.tests.BaseTest  - entered email and password
121199 [main] INFO com.nagp.tests.BaseTest  - Login successful
123527 [main] INFO com.nagp.tests.BaseTest  - Selected Push It Messenger Bag
]]></system-out>
  </testcase>
  <testcase name="removeProductFromCart[Push It Messenger Bag, , ](1)" classname="com.nagp.tests.ProductTest" time="31.963">
    <system-out><![CDATA[Screenshot taken at C:\Users\abhishekgangrade\IdeaProjects\myRepo - Copy/Screenshots/addToCartUsingSearchFunctionality.png
134207 [main] INFO com.nagp.tests.BaseTest  - Successfully logged out
Test method removeProductFromCart started
136420 [main] INFO com.nagp.tests.BaseTest  - navigated to login page
136726 [main] INFO com.nagp.tests.BaseTest  - entered email and password
]]></system-out>
  </testcase>
</testsuite>